In file included from ../src/bufferutil.cc:15:0:
/home/ubuntu/databricks/www/node_modules/socket.io/node_modules/socket.io-client/node_modules/engine.io-client/node_modules/ws/node_modules/nan/nan.h: In function ‘void NanThrowError(const char*)’:
/home/ubuntu/databricks/www/node_modules/socket.io/node_modules/socket.io-client/node_modules/engine.io-client/node_modules/ws/node_modules/nan/nan.h:209:7: error: ‘ThrowException’ is not a member of ‘v8’
       v8::ThrowException(fun(v8::String::New(errmsg)));                        \
       ^
/home/ubuntu/databricks/www/node_modules/socket.io/node_modules/socket.io-client/node_modules/engine.io-client/node_modules/ws/node_modules/nan/nan.h:213:5: note: in expansion of macro ‘_NAN_THROW_ERROR’
     _NAN_THROW_ERROR(v8::Exception::Error, errmsg);
     ^
/home/ubuntu/databricks/www/node_modules/socket.io/node_modules/socket.io-client/node_modules/engine.io-client/node_modules/ws/node_modules/nan/nan.h:209:30: error: ‘New’ is not a member of ‘v8::String’
       v8::ThrowException(fun(v8::String::New(errmsg)));                        \
                              ^
/home/ubuntu/databricks/www/node_modules/socket.io/node_modules/socket.io-client/node_modules/engine.io-client/node_modules/ws/node_modules/nan/nan.h:213:5: note: in expansion of macro ‘_NAN_THROW_ERROR’
     _NAN_THROW_ERROR(v8::Exception::Error, errmsg);
     ^
/home/ubuntu/databricks/www/node_modules/socket.io/node_modules/socket.io-client/node_modules/engine.io-client/node_modules/ws/node_modules/nan/nan.h: In function ‘void NanThrowError(v8::Handle<v8::Value>)’:
/home/ubuntu/databricks/www/node_modules/socket.io/node_modules/socket.io-client/node_modules/engine.io-client/node_modules/ws/node_modules/nan/nan.h:218:5: error: ‘ThrowException’ is not a member of ‘v8’
     v8::ThrowException(error);
     ^
/home/ubuntu/databricks/www/node_modules/socket.io/node_modules/socket.io-client/node_modules/engine.io-client/node_modules/ws/node_modules/nan/nan.h: In function ‘void NanThrowError(const char*, int)’:
/home/ubuntu/databricks/www/node_modules/socket.io/node_modules/socket.io-client/node_modules/engine.io-client/node_modules/ws/node_modules/nan/nan.h:222:53: error: ‘New’ is not a member of ‘v8::String’
     v8::Local<v8::Value> err = v8::Exception::Error(v8::String::New(msg));
                                                     ^
/home/ubuntu/databricks/www/node_modules/socket.io/node_modules/socket.io-client/node_modules/engine.io-client/node_modules/ws/node_modules/nan/nan.h:224:14: error: ‘New’ is not a member of ‘v8::String’
     obj->Set(v8::String::New("code"), v8::Int32::New(errorNumber));
              ^
/home/ubuntu/databricks/www/node_modules/socket.io/node_modules/socket.io-client/node_modules/engine.io-client/node_modules/ws/node_modules/nan/nan.h:224:65: error: no matching function for call to ‘v8::Int32::New(const int&)’
     obj->Set(v8::String::New("code"), v8::Int32::New(errorNumber));
                                                                 ^
/home/ubuntu/databricks/www/node_modules/socket.io/node_modules/socket.io-client/node_modules/engine.io-client/node_modules/ws/node_modules/nan/nan.h:224:65: note: candidate is:
In file included from ../src/bufferutil.cc:7:0:
/home/ubuntu/.node-gyp/0.12.7/deps/v8/include/v8.h:2012:25: note: static v8::Local<v8::Integer> v8::Integer::New(v8::Isolate*, int32_t)
   static Local<Integer> New(Isolate* isolate, int32_t value);
                         ^
/home/ubuntu/.node-gyp/0.12.7/deps/v8/include/v8.h:2012:25: note:   candidate expects 2 arguments, 1 provided
In file included from ../src/bufferutil.cc:15:0:
/home/ubuntu/databricks/www/node_modules/socket.io/node_modules/socket.io-client/node_modules/engine.io-client/node_modules/ws/node_modules/nan/nan.h: In function ‘void NanThrowTypeError(const char*)’:
/home/ubuntu/databricks/www/node_modules/socket.io/node_modules/socket.io-client/node_modules/engine.io-client/node_modules/ws/node_modules/nan/nan.h:209:7: error: ‘ThrowException’ is not a member of ‘v8’
       v8::ThrowException(fun(v8::String::New(errmsg)));                        \
       ^
/home/ubuntu/databricks/www/node_modules/socket.io/node_modules/socket.io-client/node_modules/engine.io-client/node_modules/ws/node_modules/nan/nan.h:229:5: note: in expansion of macro ‘_NAN_THROW_ERROR’
     _NAN_THROW_ERROR(v8::Exception::TypeError, errmsg);
     ^
/home/ubuntu/databricks/www/node_modules/socket.io/node_modules/socket.io-client/node_modules/engine.io-client/node_modules/ws/node_modules/nan/nan.h:209:30: error: ‘New’ is not a member of ‘v8::String’
       v8::ThrowException(fun(v8::String::New(errmsg)));                        \
                              ^
/home/ubuntu/databricks/www/node_modules/socket.io/node_modules/socket.io-client/node_modules/engine.io-client/node_modules/ws/node_modules/nan/nan.h:229:5: note: in expansion of macro ‘_NAN_THROW_ERROR’
     _NAN_THROW_ERROR(v8::Exception::TypeError, errmsg);
     ^
/home/ubuntu/databricks/www/node_modules/socket.io/node_modules/socket.io-client/node_modules/engine.io-client/node_modules/ws/node_modules/nan/nan.h: In function ‘void NanThrowRangeError(const char*)’:
/home/ubuntu/databricks/www/node_modules/socket.io/node_modules/socket.io-client/node_modules/engine.io-client/node_modules/ws/node_modules/nan/nan.h:209:7: error: ‘ThrowException’ is not a member of ‘v8’
       v8::ThrowException(fun(v8::String::New(errmsg)));                        \
       ^
/home/ubuntu/databricks/www/node_modules/socket.io/node_modules/socket.io-client/node_modules/engine.io-client/node_modules/ws/node_modules/nan/nan.h:233:5: note: in expansion of macro ‘_NAN_THROW_ERROR’
     _NAN_THROW_ERROR(v8::Exception::RangeError, errmsg);
     ^
/home/ubuntu/databricks/www/node_modules/socket.io/node_modules/socket.io-client/node_modules/engine.io-client/node_modules/ws/node_modules/nan/nan.h:209:30: error: ‘New’ is not a member of ‘v8::String’
       v8::ThrowException(fun(v8::String::New(errmsg)));                        \
                              ^
/home/ubuntu/databricks/www/node_modules/socket.io/node_modules/socket.io-client/node_modules/engine.io-client/node_modules/ws/node_modules/nan/nan.h:233:5: note: in expansion of macro ‘_NAN_THROW_ERROR’
     _NAN_THROW_ERROR(v8::Exception::RangeError, errmsg);
     ^
/home/ubuntu/databricks/www/node_modules/socket.io/node_modules/socket.io-client/node_modules/engine.io-client/node_modules/ws/node_modules/nan/nan.h: In constructor ‘NanCallback::NanCallback(const v8::Local<v8::Function>&)’:
/home/ubuntu/databricks/www/node_modules/socket.io/node_modules/socket.io-client/node_modules/engine.io-client/node_modules/ws/node_modules/nan/nan.h:450:49: error: no matching function for call to ‘v8::Object::New()’
     v8::Local<v8::Object> obj = v8::Object::New();
                                                 ^
/home/ubuntu/databricks/www/node_modules/socket.io/node_modules/socket.io-client/node_modules/engine.io-client/node_modules/ws/node_modules/nan/nan.h:450:49: note: candidate is:
In file included from ../src/bufferutil.cc:7:0:
/home/ubuntu/.node-gyp/0.12.7/deps/v8/include/v8.h:2388:24: note: static v8::Local<v8::Object> v8::Object::New(v8::Isolate*)
   static Local<Object> New(Isolate* isolate);
                        ^
/home/ubuntu/.node-gyp/0.12.7/deps/v8/include/v8.h:2388:24: note:   candidate expects 1 argument, 0 provided
In file included from ../src/bufferutil.cc:15:0:
/home/ubuntu/databricks/www/node_modules/socket.io/node_modules/socket.io-client/node_modules/engine.io-client/node_modules/ws/node_modules/nan/nan.h:103:26: error: ‘NewSymbol’ is not a member of ‘v8::String’
 #define NanSymbol(value) v8::String::NewSymbol(value)
                          ^
/home/ubuntu/databricks/www/node_modules/socket.io/node_modules/socket.io-client/node_modules/engine.io-client/node_modules/ws/node_modules/nan/nan.h:451:14: note: in expansion of macro ‘NanSymbol’
     obj->Set(NanSymbol("callback"), fn);
              ^
/home/ubuntu/databricks/www/node_modules/socket.io/node_modules/socket.io-client/node_modules/engine.io-client/node_modules/ws/node_modules/nan/nan.h: In destructor ‘NanCallback::~NanCallback()’:
/home/ubuntu/databricks/www/node_modules/socket.io/node_modules/socket.io-client/node_modules/engine.io-client/node_modules/ws/node_modules/nan/nan.h:457:12: error: ‘class v8::Persistent<v8::Object>’ has no member named ‘Dispose’
     handle.Dispose();
            ^
/home/ubuntu/databricks/www/node_modules/socket.io/node_modules/socket.io-client/node_modules/engine.io-client/node_modules/ws/node_modules/nan/nan.h:458:12: error: ‘class v8::Persistent<v8::Object>’ has no member named ‘Clear’
     handle.Clear();
            ^
/home/ubuntu/databricks/www/node_modules/socket.io/node_modules/socket.io-client/node_modules/engine.io-client/node_modules/ws/node_modules/nan/nan.h: In member function ‘v8::Local<v8::Function> NanCallback::GetFunction()’:
/home/ubuntu/databricks/www/node_modules/socket.io/node_modules/socket.io-client/node_modules/engine.io-client/node_modules/ws/node_modules/nan/nan.h:103:26: error: ‘NewSymbol’ is not a member of ‘v8::String’
 #define NanSymbol(value) v8::String::NewSymbol(value)
                          ^
/home/ubuntu/databricks/www/node_modules/socket.io/node_modules/socket.io-client/node_modules/engine.io-client/node_modules/ws/node_modules/nan/nan.h:462:46: note: in expansion of macro ‘NanSymbol’
     return NanPersistentToLocal(handle)->Get(NanSymbol("callback"))
                                              ^
/home/ubuntu/databricks/www/node_modules/socket.io/node_modules/socket.io-client/node_modules/engine.io-client/node_modules/ws/node_modules/nan/nan.h:463:25: error: expected primary-expression before ‘>’ token
         .As<v8::Function>();
                         ^
/home/ubuntu/databricks/www/node_modules/socket.io/node_modules/socket.io-client/node_modules/engine.io-client/node_modules/ws/node_modules/nan/nan.h:463:27: error: expected primary-expression before ‘)’ token
         .As<v8::Function>();
                           ^
/home/ubuntu/databricks/www/node_modules/socket.io/node_modules/socket.io-client/node_modules/engine.io-client/node_modules/ws/node_modules/nan/nan.h: In member function ‘void NanCallback::Call(int, v8::Local<v8::Value>*)’:
/home/ubuntu/databricks/www/node_modules/socket.io/node_modules/socket.io-client/node_modules/engine.io-client/node_modules/ws/node_modules/nan/nan.h:103:26: error: ‘NewSymbol’ is not a member of ‘v8::String’
 #define NanSymbol(value) v8::String::NewSymbol(value)
                          ^
/home/ubuntu/databricks/www/node_modules/socket.io/node_modules/socket.io-client/node_modules/engine.io-client/node_modules/ws/node_modules/nan/nan.h:475:12: note: in expansion of macro ‘NanSymbol’
        Get(NanSymbol("callback")).As<v8::Function>();
            ^
/home/ubuntu/databricks/www/node_modules/socket.io/node_modules/socket.io-client/node_modules/engine.io-client/node_modules/ws/node_modules/nan/nan.h:475:50: error: expected primary-expression before ‘>’ token
        Get(NanSymbol("callback")).As<v8::Function>();
                                                  ^
/home/ubuntu/databricks/www/node_modules/socket.io/node_modules/socket.io-client/node_modules/engine.io-client/node_modules/ws/node_modules/nan/nan.h:475:52: error: expected primary-expression before ‘)’ token
        Get(NanSymbol("callback")).As<v8::Function>();
                                                    ^
/home/ubuntu/databricks/www/node_modules/socket.io/node_modules/socket.io-client/node_modules/engine.io-client/node_modules/ws/node_modules/nan/nan.h:477:20: error: ‘GetCurrent’ is not a member of ‘v8::Context’
     callback->Call(v8::Context::GetCurrent()->Global(), argc, argv);
                    ^
/home/ubuntu/databricks/www/node_modules/socket.io/node_modules/socket.io-client/node_modules/engine.io-client/node_modules/ws/node_modules/nan/nan.h: At global scope:
/home/ubuntu/databricks/www/node_modules/socket.io/node_modules/socket.io-client/node_modules/engine.io-client/node_modules/ws/node_modules/nan/nan.h:518:3: error: ‘uv_work_t’ does not name a type
   uv_work_t request;
   ^
/home/ubuntu/databricks/www/node_modules/socket.io/node_modules/socket.io-client/node_modules/engine.io-client/node_modules/ws/node_modules/nan/nan.h: In constructor ‘NanAsyncWorker::NanAsyncWorker(NanCallback*)’:
/home/ubuntu/databricks/www/node_modules/socket.io/node_modules/socket.io-client/node_modules/engine.io-client/node_modules/ws/node_modules/nan/nan.h:490:5: error: ‘request’ was not declared in this scope
     request.data = this;
     ^
/home/ubuntu/databricks/www/node_modules/socket.io/node_modules/socket.io-client/node_modules/engine.io-client/node_modules/ws/node_modules/nan/nan.h: In member function ‘void NanAsyncWorker::SavePersistent(const char*, v8::Local<v8::Object>&)’:
/home/ubuntu/databricks/www/node_modules/socket.io/node_modules/socket.io-client/node_modules/engine.io-client/node_modules/ws/node_modules/nan/nan.h:103:26: error: ‘NewSymbol’ is not a member of ‘v8::String’
 #define NanSymbol(value) v8::String::NewSymbol(value)
                          ^
/home/ubuntu/databricks/www/node_modules/socket.io/node_modules/socket.io-client/node_modules/engine.io-client/node_modules/ws/node_modules/nan/nan.h:529:17: note: in expansion of macro ‘NanSymbol’
     handle->Set(NanSymbol(key), obj);
                 ^
/home/ubuntu/databricks/www/node_modules/socket.io/node_modules/socket.io-client/node_modules/engine.io-client/node_modules/ws/node_modules/nan/nan.h: In member function ‘v8::Local<v8::Object> NanAsyncWorker::GetFromPersistent(const char*)’:
/home/ubuntu/databricks/www/node_modules/socket.io/node_modules/socket.io-client/node_modules/engine.io-client/node_modules/ws/node_modules/nan/nan.h:103:26: error: ‘NewSymbol’ is not a member of ‘v8::String’
 #define NanSymbol(value) v8::String::NewSymbol(value)
                          ^
/home/ubuntu/databricks/www/node_modules/socket.io/node_modules/socket.io-client/node_modules/engine.io-client/node_modules/ws/node_modules/nan/nan.h:536:24: note: in expansion of macro ‘NanSymbol’
     return handle->Get(NanSymbol(key)).As<v8::Object>();
                        ^
/home/ubuntu/databricks/www/node_modules/socket.io/node_modules/socket.io-client/node_modules/engine.io-client/node_modules/ws/node_modules/nan/nan.h:536:53: error: expected primary-expression before ‘>’ token
     return handle->Get(NanSymbol(key)).As<v8::Object>();
                                                     ^
/home/ubuntu/databricks/www/node_modules/socket.io/node_modules/socket.io-client/node_modules/engine.io-client/node_modules/ws/node_modules/nan/nan.h:536:55: error: expected primary-expression before ‘)’ token
     return handle->Get(NanSymbol(key)).As<v8::Object>();
                                                       ^
/home/ubuntu/databricks/www/node_modules/socket.io/node_modules/socket.io-client/node_modules/engine.io-client/node_modules/ws/node_modules/nan/nan.h: In member function ‘virtual void NanAsyncWorker::HandleErrorCallback()’:
/home/ubuntu/databricks/www/node_modules/socket.io/node_modules/socket.io-client/node_modules/engine.io-client/node_modules/ws/node_modules/nan/nan.h:549:30: error: ‘New’ is not a member of ‘v8::String’
         v8::Exception::Error(v8::String::New(errmsg))
                              ^
/home/ubuntu/databricks/www/node_modules/socket.io/node_modules/socket.io-client/node_modules/engine.io-client/node_modules/ws/node_modules/nan/nan.h: At global scope:
/home/ubuntu/databricks/www/node_modules/socket.io/node_modules/socket.io-client/node_modules/engine.io-client/node_modules/ws/node_modules/nan/nan.h:555:30: error: variable or field ‘NanAsyncExecute’ declared void
 inline void NanAsyncExecute (uv_work_t* req) {
                              ^
/home/ubuntu/databricks/www/node_modules/socket.io/node_modules/socket.io-client/node_modules/engine.io-client/node_modules/ws/node_modules/nan/nan.h:555:30: error: ‘uv_work_t’ was not declared in this scope
/home/ubuntu/databricks/www/node_modules/socket.io/node_modules/socket.io-client/node_modules/engine.io-client/node_modules/ws/node_modules/nan/nan.h:555:41: error: ‘req’ was not declared in this scope
 inline void NanAsyncExecute (uv_work_t* req) {
                                         ^
/home/ubuntu/databricks/www/node_modules/socket.io/node_modules/socket.io-client/node_modules/engine.io-client/node_modules/ws/node_modules/nan/nan.h:560:38: error: variable or field ‘NanAsyncExecuteComplete’ declared void
 inline void NanAsyncExecuteComplete (uv_work_t* req) {
                                      ^
/home/ubuntu/databricks/www/node_modules/socket.io/node_modules/socket.io-client/node_modules/engine.io-client/node_modules/ws/node_modules/nan/nan.h:560:38: error: ‘uv_work_t’ was not declared in this scope
/home/ubuntu/databricks/www/node_modules/socket.io/node_modules/socket.io-client/node_modules/engine.io-client/node_modules/ws/node_modules/nan/nan.h:560:49: error: ‘req’ was not declared in this scope
 inline void NanAsyncExecuteComplete (uv_work_t* req) {
                                                 ^
/home/ubuntu/databricks/www/node_modules/socket.io/node_modules/socket.io-client/node_modules/engine.io-client/node_modules/ws/node_modules/nan/nan.h: In function ‘void NanAsyncQueueWorker(NanAsyncWorker*)’:
/home/ubuntu/databricks/www/node_modules/socket.io/node_modules/socket.io-client/node_modules/engine.io-client/node_modules/ws/node_modules/nan/nan.h:568:23: error: ‘uv_default_loop’ was not declared in this scope
       uv_default_loop()
                       ^
/home/ubuntu/databricks/www/node_modules/socket.io/node_modules/socket.io-client/node_modules/engine.io-client/node_modules/ws/node_modules/nan/nan.h:569:16: error: ‘class NanAsyncWorker’ has no member named ‘request’
     , &worker->request
                ^
/home/ubuntu/databricks/www/node_modules/socket.io/node_modules/socket.io-client/node_modules/engine.io-client/node_modules/ws/node_modules/nan/nan.h:570:7: error: ‘NanAsyncExecute’ was not declared in this scope
     , NanAsyncExecute
       ^
/home/ubuntu/databricks/www/node_modules/socket.io/node_modules/socket.io-client/node_modules/engine.io-client/node_modules/ws/node_modules/nan/nan.h:571:8: error: ‘uv_after_work_cb’ was not declared in this scope
     , (uv_after_work_cb)NanAsyncExecuteComplete
        ^
/home/ubuntu/databricks/www/node_modules/socket.io/node_modules/socket.io-client/node_modules/engine.io-client/node_modules/ws/node_modules/nan/nan.h:572:3: error: ‘uv_queue_work’ was not declared in this scope
   );
   ^
/home/ubuntu/databricks/www/node_modules/socket.io/node_modules/socket.io-client/node_modules/engine.io-client/node_modules/ws/node_modules/nan/nan.h: In function ‘bool _NanGetExternalParts(v8::Handle<v8::Value>, const char**, size_t*)’:
/home/ubuntu/databricks/www/node_modules/socket.io/node_modules/socket.io-client/node_modules/engine.io-client/node_modules/ws/node_modules/nan/nan.h:716:78: error: no matching function for call to ‘v8::Local<v8::String>::New(v8::Handle<v8::String>)’
   v8::Local<v8::String> str = v8::Local<v8::String>::New(val.As<v8::String>());
                                                                              ^
/home/ubuntu/databricks/www/node_modules/socket.io/node_modules/socket.io-client/node_modules/engine.io-client/node_modules/ws/node_modules/nan/nan.h:716:78: note: candidates are:
In file included from ../src/bufferutil.cc:7:0:
/home/ubuntu/.node-gyp/0.12.7/deps/v8/include/v8.h:368:29: note: static v8::Local<T> v8::Local<T>::New(v8::Isolate*, v8::Handle<T>) [with T = v8::String]
   V8_INLINE static Local<T> New(Isolate* isolate, Handle<T> that);
                             ^
/home/ubuntu/.node-gyp/0.12.7/deps/v8/include/v8.h:368:29: note:   candidate expects 2 arguments, 1 provided
/home/ubuntu/.node-gyp/0.12.7/deps/v8/include/v8.h:369:29: note: static v8::Local<T> v8::Local<T>::New(v8::Isolate*, const v8::PersistentBase<T>&) [with T = v8::String]
   V8_INLINE static Local<T> New(Isolate* isolate,
                             ^
/home/ubuntu/.node-gyp/0.12.7/deps/v8/include/v8.h:369:29: note:   candidate expects 2 arguments, 1 provided
/home/ubuntu/.node-gyp/0.12.7/deps/v8/include/v8.h:391:29: note: static v8::Local<T> v8::Local<T>::New(v8::Isolate*, T*) [with T = v8::String]
   V8_INLINE static Local<T> New(Isolate* isolate, T* that);
                             ^
/home/ubuntu/.node-gyp/0.12.7/deps/v8/include/v8.h:391:29: note:   candidate expects 2 arguments, 1 provided
In file included from ../src/bufferutil.cc:15:0:
/home/ubuntu/databricks/www/node_modules/socket.io/node_modules/socket.io-client/node_modules/engine.io-client/node_modules/ws/node_modules/nan/nan.h: In function ‘char* NanFromV8String(v8::Handle<v8::Value>, Nan::Encoding, size_t*, char*, size_t, int)’:
/home/ubuntu/databricks/www/node_modules/socket.io/node_modules/socket.io-client/node_modules/engine.io-client/node_modules/ws/node_modules/nan/nan.h:769:3: error: ‘AsciiValue’ is not a member of ‘v8::String’
   v8::String::AsciiValue value(toStr);
   ^
/home/ubuntu/databricks/www/node_modules/socket.io/node_modules/socket.io-client/node_modules/engine.io-client/node_modules/ws/node_modules/nan/nan.h:769:26: error: expected ‘;’ before ‘value’
   v8::String::AsciiValue value(toStr);
                          ^
/home/ubuntu/databricks/www/node_modules/socket.io/node_modules/socket.io-client/node_modules/engine.io-client/node_modules/ws/node_modules/nan/nan.h:832:39: error: ‘value’ was not declared in this scope
       sz_ = _nan_base64_decoded_size(*value, toStr->Length());
                                       ^
../src/bufferutil.cc: In static member function ‘static void BufferUtil::Initialize(v8::Handle<v8::Object>)’:
../src/bufferutil.cc:27:58: error: no matching function for call to ‘v8::FunctionTemplate::New(void (&)(const v8::FunctionCallbackInfo<v8::Value>&))’
     Local<FunctionTemplate> t = FunctionTemplate::New(New);
                                                          ^
../src/bufferutil.cc:27:58: note: candidate is:
In file included from ../src/bufferutil.cc:7:0:
/home/ubuntu/.node-gyp/0.12.7/deps/v8/include/v8.h:3455:34: note: static v8::Local<v8::FunctionTemplate> v8::FunctionTemplate::New(v8::Isolate*, v8::FunctionCallback, v8::Handle<v8::Value>, v8::Handle<v8::Signature>, int)
   static Local<FunctionTemplate> New(
                                  ^
/home/ubuntu/.node-gyp/0.12.7/deps/v8/include/v8.h:3455:34: note:   no known conversion for argument 1 from ‘void(const v8::FunctionCallbackInfo<v8::Value>&)’ to ‘v8::Isolate*’
../src/bufferutil.cc:32:17: error: ‘NewSymbol’ is not a member of ‘v8::String’
     target->Set(String::NewSymbol("BufferUtil"), t->GetFunction());
                 ^
In file included from ../src/bufferutil.cc:15:0:
../src/bufferutil.cc: In static member function ‘static void BufferUtil::Merge(const v8::FunctionCallbackInfo<v8::Value>&)’:
../src/bufferutil.cc:60:25: error: too few arguments to function ‘v8::Handle<v8::Boolean> v8::True(v8::Isolate*)’
     NanReturnValue(True());
                         ^
/home/ubuntu/databricks/www/node_modules/socket.io/node_modules/socket.io-client/node_modules/engine.io-client/node_modules/ws/node_modules/nan/nan.h:195:65: note: in definition of macro ‘NanReturnValue’
 # define NanReturnValue(value) return args.GetReturnValue().Set(value)
                                                                 ^
In file included from ../src/bufferutil.cc:7:0:
/home/ubuntu/.node-gyp/0.12.7/deps/v8/include/v8.h:6613:17: note: declared here
 Handle<Boolean> True(Isolate* isolate) {
                 ^
In file included from ../src/bufferutil.cc:15:0:
/home/ubuntu/databricks/www/node_modules/socket.io/node_modules/socket.io-client/node_modules/engine.io-client/node_modules/ws/node_modules/nan/nan.h:195:70: error: return-statement with a value, in function returning 'void' [-fpermissive]
 # define NanReturnValue(value) return args.GetReturnValue().Set(value)
                                                                      ^
../src/bufferutil.cc:60:5: note: in expansion of macro ‘NanReturnValue’
     NanReturnValue(True());
     ^
../src/bufferutil.cc: In static member function ‘static void BufferUtil::Unmask(const v8::FunctionCallbackInfo<v8::Value>&)’:
../src/bufferutil.cc:81:25: error: too few arguments to function ‘v8::Handle<v8::Boolean> v8::True(v8::Isolate*)’
     NanReturnValue(True());
                         ^
/home/ubuntu/databricks/www/node_modules/socket.io/node_modules/socket.io-client/node_modules/engine.io-client/node_modules/ws/node_modules/nan/nan.h:195:65: note: in definition of macro ‘NanReturnValue’
 # define NanReturnValue(value) return args.GetReturnValue().Set(value)
                                                                 ^
In file included from ../src/bufferutil.cc:7:0:
/home/ubuntu/.node-gyp/0.12.7/deps/v8/include/v8.h:6613:17: note: declared here
 Handle<Boolean> True(Isolate* isolate) {
                 ^
In file included from ../src/bufferutil.cc:15:0:
/home/ubuntu/databricks/www/node_modules/socket.io/node_modules/socket.io-client/node_modules/engine.io-client/node_modules/ws/node_modules/nan/nan.h:195:70: error: return-statement with a value, in function returning 'void' [-fpermissive]
 # define NanReturnValue(value) return args.GetReturnValue().Set(value)
                                                                      ^
../src/bufferutil.cc:81:5: note: in expansion of macro ‘NanReturnValue’
     NanReturnValue(True());
     ^
../src/bufferutil.cc: In static member function ‘static void BufferUtil::Mask(const v8::FunctionCallbackInfo<v8::Value>&)’:
../src/bufferutil.cc:106:25: error: too few arguments to function ‘v8::Handle<v8::Boolean> v8::True(v8::Isolate*)’
     NanReturnValue(True());
                         ^
/home/ubuntu/databricks/www/node_modules/socket.io/node_modules/socket.io-client/node_modules/engine.io-client/node_modules/ws/node_modules/nan/nan.h:195:65: note: in definition of macro ‘NanReturnValue’
 # define NanReturnValue(value) return args.GetReturnValue().Set(value)
                                                                 ^
In file included from ../src/bufferutil.cc:7:0:
/home/ubuntu/.node-gyp/0.12.7/deps/v8/include/v8.h:6613:17: note: declared here
 Handle<Boolean> True(Isolate* isolate) {
                 ^
In file included from ../src/bufferutil.cc:15:0:
/home/ubuntu/databricks/www/node_modules/socket.io/node_modules/socket.io-client/node_modules/engine.io-client/node_modules/ws/node_modules/nan/nan.h:195:70: error: return-statement with a value, in function returning 'void' [-fpermissive]
 # define NanReturnValue(value) return args.GetReturnValue().Set(value)
                                                                      ^
../src/bufferutil.cc:106:5: note: in expansion of macro ‘NanReturnValue’
     NanReturnValue(True());
     ^
/home/ubuntu/databricks/www/node_modules/socket.io/node_modules/socket.io-client/node_modules/engine.io-client/node_modules/ws/node_modules/nan/nan.h: In instantiation of ‘void NanDispose(v8::Persistent<T, v8::NonCopyablePersistentTraits<T> >&) [with T = v8::Object]’:
/home/ubuntu/databricks/www/node_modules/socket.io/node_modules/socket.io-client/node_modules/engine.io-client/node_modules/ws/node_modules/nan/nan.h:498:34:   required from here
/home/ubuntu/databricks/www/node_modules/socket.io/node_modules/socket.io-client/node_modules/engine.io-client/node_modules/ws/node_modules/nan/nan.h:237:5: error: ‘class v8::Persistent<v8::Object>’ has no member named ‘Dispose’
     handle.Dispose(nan_isolate);
     ^
/home/ubuntu/databricks/www/node_modules/socket.io/node_modules/socket.io-client/node_modules/engine.io-client/node_modules/ws/node_modules/nan/nan.h:238:5: error: ‘class v8::Persistent<v8::Object>’ has no member named ‘Clear’
     handle.Clear();
     ^
make: *** [Release/obj.target/bufferutil/src/bufferutil.o] Error 1
gyp ERR! build error 
gyp ERR! stack Error: `make` failed with exit code: 2
gyp ERR! stack     at ChildProcess.onExit (/home/ubuntu/.nvm/versions/node/v0.12.7/lib/node_modules/npm/node_modules/node-gyp/lib/build.js:269:23)
gyp ERR! stack     at ChildProcess.emit (events.js:110:17)
gyp ERR! stack     at Process.ChildProcess._handle.onexit (child_process.js:1074:12)
gyp ERR! System Linux 3.13.0-55-generic
gyp ERR! command "node" "/home/ubuntu/.nvm/versions/node/v0.12.7/lib/node_modules/npm/node_modules/node-gyp/bin/node-gyp.js" "rebuild"
gyp ERR! cwd /home/ubuntu/databricks/www/node_modules/socket.io/node_modules/socket.io-client/node_modules/engine.io-client/node_modules/ws
gyp ERR! node -v v0.12.7
gyp ERR! node-gyp -v v2.0.1
gyp ERR! not ok 
